<?xml version="1.0" encoding="UTF-8"?>
<testng-results skipped="0" failed="0" ignored="0" total="1" passed="1">
  <reporter-output>
  </reporter-output>
  <suite name="Default suite" duration-ms="6053" started-at="2018-07-28T22:03:15Z" finished-at="2018-07-28T22:03:21Z">
    <groups>
    </groups>
    <test name="Default test" duration-ms="6053" started-at="2018-07-28T22:03:15Z" finished-at="2018-07-28T22:03:21Z">
      <class name="test.Test99GuruLoginWithPageFactory">
        <test-method status="PASS" signature="setup()[pri:0, instance:test.Test99GuruLoginWithPageFactory@25bbe1b6]" name="setup" is-config="true" duration-ms="4707" started-at="2018-07-28T22:03:15Z" finished-at="2018-07-28T22:03:19Z">
          <reporter-output>
          </reporter-output>
        </test-method> <!-- setup -->
        <test-method status="PASS" signature="test_Home_Page_Appear_Correct()[pri:0, instance:test.Test99GuruLoginWithPageFactory@25bbe1b6]" name="test_Home_Page_Appear_Correct" duration-ms="1327" started-at="2018-07-28T22:03:19Z" finished-at="2018-07-28T22:03:21Z">
          <reporter-output>
          </reporter-output>
        </test-method> <!-- test_Home_Page_Appear_Correct -->
      </class> <!-- test.Test99GuruLoginWithPageFactory -->
    </test> <!-- Default test -->
  </suite> <!-- Default suite -->
</testng-results>
